1558210864647	mozrunner::runner	INFO	Running command: "/usr/bin/firefox" "-marionette" "-foreground" "-no-remote" "-profile" "/tmp/rust_mozprofile.Dz4UJCaUkJ6j"
1558210868257	Marionette	INFO	Listening on port 37069
1558210868357	Marionette	WARN	TLS certificate errors will be ignored for this session

(/usr/lib/firefox/firefox:17409): dconf-WARNING **: 23:21:14.083: Unable to open /var/lib/flatpak/exports/share/dconf/profile/user: Permission denied

###!!! [Parent][DispatchAsyncMessage] Error: PClientSourceOp::Msg___delete__ Route error: message sent to unknown actor ID


###!!! [Parent][DispatchAsyncMessage] Error: PClientSourceOp::Msg___delete__ Route error: message sent to unknown actor ID

1558210922875	mozrunner::runner	INFO	Running command: "/usr/bin/firefox" "-marionette" "-foreground" "-no-remote" "-profile" "/tmp/rust_mozprofile.zG1zxXtkzCyp"
1558210926433	Marionette	INFO	Listening on port 32959
1558210926499	Marionette	WARN	TLS certificate errors will be ignored for this session

(/usr/lib/firefox/firefox:17619): dconf-WARNING **: 23:22:09.434: Unable to open /var/lib/flatpak/exports/share/dconf/profile/user: Permission denied

###!!! [Parent][DispatchAsyncMessage] Error: PClientSourceOp::Msg___delete__ Route error: message sent to unknown actor ID


###!!! [Parent][DispatchAsyncMessage] Error: PClientSourceOp::Msg___delete__ Route error: message sent to unknown actor ID


###!!! [Parent][DispatchAsyncMessage] Error: PClientSourceOp::Msg___delete__ Route error: message sent to unknown actor ID

JavaScript error: https://alternativeto.net/software/youtubeget/, line 15: SyntaxError: expected expression, got ';'

###!!! [Parent][DispatchAsyncMessage] Error: PClientSourceOp::Msg___delete__ Route error: message sent to unknown actor ID


###!!! [Parent][DispatchAsyncMessage] Error: PClientSourceOp::Msg___delete__ Route error: message sent to unknown actor ID


###!!! [Parent][DispatchAsyncMessage] Error: PClientSourceOp::Msg___delete__ Route error: message sent to unknown actor ID


###!!! [Parent][DispatchAsyncMessage] Error: PClientSourceOp::Msg___delete__ Route error: message sent to unknown actor ID


###!!! [Parent][DispatchAsyncMessage] Error: PClientSourceOp::Msg___delete__ Route error: message sent to unknown actor ID


###!!! [Parent][DispatchAsyncMessage] Error: PClientSourceOp::Msg___delete__ Route error: message sent to unknown actor ID

[Parent 17329, Gecko_IOThread] WARNING: pipe error (69): Connection reset by peer: file /build/firefox-SAtaq0/firefox-61.0.1+linuxmint1+tara/ipc/chromium/src/chrome/common/ipc_channel_posix.cc, line 353

###!!! [Child][RunMessage] Error: Channel closing: too late to send/recv, messages will be lost

[Parent 17538, Gecko_IOThread] WARNING: pipe error (56): Connection reset by peer: file /build/firefox-SAtaq0/firefox-61.0.1+linuxmint1+tara/ipc/chromium/src/chrome/common/ipc_channel_posix.cc, line 353
